#
# A fatal error has been detected by the Java Runtime Environment:
#
#  EXCEPTION_ACCESS_VIOLATION (0xc0000005) at pc=0x00007ff8427dcc61, pid=21104, tid=2840
#
# JRE version: OpenJDK Runtime Environment Corretto-21.0.5.11.1 (21.0.5+11) (build 21.0.5+11-LTS)
# Java VM: OpenJDK 64-Bit Server VM Corretto-21.0.5.11.1 (21.0.5+11-LTS, mixed mode, emulated-client, sharing, tiered, compressed oops, compressed class ptrs, g1 gc, windows-amd64)
# Problematic frame:
# V  [jvm.dll+0xcc61]
#
# No core dump will be written. Minidumps are not enabled by default on client versions of Windows
#
# If you would like to submit a bug report, please visit:
#   https://github.com/corretto/corretto-21/issues/
#

---------------  S U M M A R Y ------------

Command Line: -DDATASOURCE_URL=jdbc:mariadb://222.122.202.35:3306/chosun -DDATASOURCE_USERNAME=chosun -DDATASOURCE_PASSWORD=chosun1234 -XX:TieredStopAtLevel=1 -Dspring.output.ansi.enabled=always -Dcom.sun.management.jmxremote -Dspring.jmx.enabled=true -Dspring.liveBeansView.mbeanDomain -Dspring.application.admin.enabled=true -Dmanagement.endpoints.jmx.exposure.include=* -javaagent:C:\Program Files\JetBrains\IntelliJ IDEA 2024.3\lib\idea_rt.jar=62548:C:\Program Files\JetBrains\IntelliJ IDEA 2024.3\bin -Dfile.encoding=UTF-8 -Dsun.stdout.encoding=UTF-8 -Dsun.stderr.encoding=UTF-8 com.example.chosunnext.ChosunNextApplication

Host: AMD Ryzen 5 7600 6-Core Processor              , 12 cores, 31G,  Windows 11 , 64 bit Build 22621 (10.0.22621.4391)
Time: Mon Feb 24 00:36:32 2025  Windows 11 , 64 bit Build 22621 (10.0.22621.4391) elapsed time: 0.703759 seconds (0d 0h 0m 0s)

---------------  T H R E A D  ---------------

Current thread (0x0000023a388c2940):  WorkerThread "G1 Conc#0"      [id=2840, stack(0x0000009534e00000,0x0000009534f00000) (1024K)]

Stack: [0x0000009534e00000,0x0000009534f00000],  sp=0x0000009534eff428,  free space=1021k
Native frames: (J=compiled Java code, j=interpreted, Vv=VM code, C=native code)
V  [jvm.dll+0xcc61]


siginfo: EXCEPTION_ACCESS_VIOLATION (0xc0000005), reading address 0x0000000000000100


Registers:
RAX=0x0000000000000000, RBX=0x000000060e665158, RCX=0x0000023a51000000, RDX=0x000000060e665158
RSP=0x0000009534eff428, RBP=0x0000009534eff560, RSI=0x000000060e665158, RDI=0x0000023a51000000
R8 =0x0000023a51000000, R9 =0x0000000000000000, R10=0x0000023a51000000, R11=0x0000000000000005
R12=0x0000000000000000, R13=0xaaaaaaaaaaaaaaab, R14=0x0000000000000001, R15=0x0000009534eff520
RIP=0x00007ff8427dcc61, EFLAGS=0x0000000000010246


Register to memory mapping:

RAX=0x0 is null
RBX=0x000000060e665158 is pointing into object: [Ljdk.internal.vm.FillerElement; 
{0x000000060e664308} - klass: {type array int}
 - length: 4260
RCX=0x0000023a51000000 is pointing into metadata
RDX=0x000000060e665158 is pointing into object: [Ljdk.internal.vm.FillerElement; 
{0x000000060e664308} - klass: {type array int}
 - length: 4260
RSP=0x0000009534eff428 points into unknown readable memory: 0x00007ff842aeff97 | 97 ff ae 42 f8 7f 00 00
RBP=0x0000009534eff560 points into unknown readable memory: 0x00007ff8432052c8 | c8 52 20 43 f8 7f 00 00
RSI=0x000000060e665158 is pointing into object: [Ljdk.internal.vm.FillerElement; 
{0x000000060e664308} - klass: {type array int}
 - length: 4260
RDI=0x0000023a51000000 is pointing into metadata
R8 =0x0000023a51000000 is pointing into metadata
R9 =0x0 is null
R10=0x0000023a51000000 is pointing into metadata
R11=0x0000000000000005 is an unknown value
R12=0x0 is null
R13=0xaaaaaaaaaaaaaaab is an unknown value
R14=0x0000000000000001 is an unknown value
R15=0x0000009534eff520 points into unknown readable memory: 0x0000023a388b1e90 | 90 1e 8b 38 3a 02 00 00

Top of Stack: (sp=0x0000009534eff428)
0x0000009534eff428:   00007ff842aeff97 0000023a5100e740
0x0000009534eff438:   0000000000000003 0000009534eff560
0x0000009534eff448:   0000000000000040 0000023a388d0870
0x0000009534eff458:   00007ff842b0fb10 000000060e665158
0x0000009534eff468:   0000023a388b1ea0 0000009534eff520
0x0000009534eff478:   0000023a388b1ea0 000000060e665158
0x0000009534eff488:   00007ff842b0c361 00000000000cca2b
0x0000009534eff498:   0000009534dff4f0 000000060e56c0d8
0x0000009534eff4a8:   00007ff842b0d994 00000000000cf4a7
0x0000009534eff4b8:   00007ff842b0deec 000000060e6642b0
0x0000009534eff4c8:   00000000000cca2b 0000000000000000
0x0000009534eff4d8:   0000000000000000 0000000000000001
0x0000009534eff4e8:   0000000000000001 0000023a388d0870
0x0000009534eff4f8:   00007ff842b0cc33 0000000000000555
0x0000009534eff508:   0000000000000000 0000009534dff401
0x0000009534eff518:   0000000000000000 0000023a388b1e90
0x0000009534eff528:   0000023a388d0870 000000060e400000
0x0000009534eff538:   000000000004f4a7 000000060e400000
0x0000009534eff548:   000000000004f4a7 0000000000000000
0x0000009534eff558:   0000000000000000 00007ff8432052c8
0x0000009534eff568:   0000023a4de9bda0 0000000600000003
0x0000009534eff578:   0000023a3885cff0 0000023a388d0870
0x0000009534eff588:   00007ff842e775a3 c215b08488000000
0x0000009534eff598:   0000000000000000 0000000000000000
0x0000009534eff5a8:   0000000000000000 0000000000000001
0x0000009534eff5b8:   0000023a388c2cf0 00000000000003d8
0x0000009534eff5c8:   0000023a388c30c8 0000023a3885f170
0x0000009534eff5d8:   0000009534dff4f0 0000023a388c2ce0
0x0000009534eff5e8:   00007ff842b10596 0000002a454e6fbb
0x0000009534eff5f8:   0000000000000000 0000023a388d0870
0x0000009534eff608:   0000009534dff4f0 0000000000000000
0x0000009534eff618:   0000000000000000 0000000000000030 

Instructions: (pc=0x00007ff8427dcc61)
0x00007ff8427dcb61:   41 f6 c1 01 75 53 41 c1 f9 03 49 63 c1 c3 79 49
0x00007ff8427dcb71:   84 c0 41 b8 0c 00 00 00 8b 05 89 b5 c2 00 b9 10
0x00007ff8427dcb81:   00 00 00 41 0f 45 c8 ff c8 4c 63 c0 41 8b c1 48
0x00007ff8427dcb91:   c1 f8 10 0f b6 c0 48 63 14 11 41 8b c9 83 e1 3f
0x00007ff8427dcba1:   48 d3 e2 49 8d 0c 10 49 f7 d0 48 03 c1 49 c1 e8
0x00007ff8427dcbb1:   03 48 c1 e8 03 49 23 c0 c3 49 8b 00 49 8b c8 48
0x00007ff8427dcbc1:   ff a0 00 01 00 00 cc cc cc cc cc cc cc cc cc 8b
0x00007ff8427dcbd1:   44 24 30 45 03 c9 44 2b 4c 24 28 83 c0 0b 44 03
0x00007ff8427dcbe1:   ca 45 03 c8 41 03 c1 c3 cc cc cc cc cc cc cc 4c
0x00007ff8427dcbf1:   8b c2 48 8b d1 45 8b 48 08 45 85 c9 7e 0e 41 f6
0x00007ff8427dcc01:   c1 01 75 56 41 c1 f9 03 49 63 c1 c3 79 4c 80 3d
0x00007ff8427dcc11:   1b bb c2 00 00 b8 0c 00 00 00 b9 10 00 00 00 0f
0x00007ff8427dcc21:   45 c8 8b 05 df b4 c2 00 ff c8 4c 63 c0 41 8b c1
0x00007ff8427dcc31:   48 c1 f8 10 48 63 14 11 41 8b c9 83 e1 3f 0f b6
0x00007ff8427dcc41:   c0 48 d3 e2 49 8d 0c 10 49 f7 d0 48 03 c1 49 c1
0x00007ff8427dcc51:   e8 03 48 c1 e8 03 49 23 c0 c3 49 8b 00 49 8b c8
0x00007ff8427dcc61:   48 ff a0 00 01 00 00 cc cc cc cc cc cc cc cc 48
0x00007ff8427dcc71:   8b 41 08 0f b7 48 2c 0f b7 40 2a 83 c0 48 03 c1
0x00007ff8427dcc81:   c3 cc cc cc cc cc cc cc cc cc cc cc cc cc cc 48
0x00007ff8427dcc91:   89 5c 24 08 57 48 83 ec 20 0f b6 05 9f b6 cd 00
0x00007ff8427dcca1:   48 8b fa 48 8b d9 84 c0 74 4f 48 85 15 36 ae cd
0x00007ff8427dccb1:   00 74 38 48 8b ca e8 14 a7 8d 00 48 8b d0 48 85
0x00007ff8427dccc1:   db 74 25 48 85 c0 74 20 48 8b c7 f0 48 0f b1 13
0x00007ff8427dccd1:   74 16 48 85 05 0e ae cd 00 74 0d 48 8b c8 f0 48
0x00007ff8427dcce1:   0f b1 13 48 3b c1 75 ea 48 8b fa 48 8b c7 48 8b
0x00007ff8427dccf1:   5c 24 30 48 83 c4 20 5f c3 48 85 3d ef ad cd 00
0x00007ff8427dcd01:   75 33 48 85 ff 75 0f 33 d2 8b c2 48 8b 5c 24 30
0x00007ff8427dcd11:   48 83 c4 20 5f c3 48 8b 15 e2 ad cd 00 48 23 d7
0x00007ff8427dcd21:   48 0b 15 b8 ad cd 00 48 8b c2 48 8b 5c 24 30 48
0x00007ff8427dcd31:   83 c4 20 5f c3 48 8b cf e8 b2 a5 8d 00 48 8b d0
0x00007ff8427dcd41:   48 85 db 74 40 48 85 c0 74 3b 4c 8b 05 ae ad cd
0x00007ff8427dcd51:   00 4c 23 c0 4c 0b 05 dc ad cd 00 74 28 48 8b c7 


Stack slot to memory mapping:

stack at sp + 0 slots: 0x00007ff842aeff97 jvm.dll
stack at sp + 1 slots: 0x0000023a5100e740 is a pointer to class: 
java.lang.String {0x0000023a5100e748}
 - instance size:     3
 - klass size:        82
 - access:            public final synchronized 
 - flags:             rewritten has_nonstatic_fields has_nonstatic_concrete_methods is_shared_boot_class has_localvariable_table has_resolved_methods 
 - state:             fully_initialized
 - name:              'java/lang/String'
 - super:             'java/lang/Object'
 - sub:               
 - arrays:            'java/lang/String'[]
 - methods:           Array<T>(0x0000023a516258a0)
 - method ordering:   Array<T>(0x0000023a51625de8)
 - local interfaces:  Array<T>(0x0000023a51622ab0)
 - trans. interfaces: Array<T>(0x0000023a51622ab0)
 - constants:         constant pool [1443]/operands[28] {0x0000023a51622b08} for 'java/lang/String' cache=0x0000023a51451d28
 - class loader data:  loader data: 0x0000023a4de99e30 of 'bootstrap'
 - source file:       'String.java'
 - field annotations:       Array<T>(0x0000023a51beba68)
 - generic signature: 'Ljava/lang/Object;Ljava/io/Serializable;Ljava/lang/Comparable<Ljava/lang/String;>;Ljava/lang/CharSequence;Ljava/lang/constant/Constable;Ljava/lang/constant/ConstantDesc;'
 - inner classes:     Array<T>(0x0000023a51625860)
 - nest members:     Array<T>(0x0000023a516260f0)
 - permitted subclasses:     Array<T>(0x0000023a51611db8)
 - java mirror:       a 'java/lang/Class'{0x000000060e24d6c0} = 'java/lang/String'
 - vtable length      5  (start addr: 0x0000023a5100e900)
 - itable length      20 (start addr: 0x0000023a5100e928)
 - ---- static fields (3 words):
 - private static final 'serialVersionUID' 'J' @120 
 - static final 'COMPACT_STRINGS' 'Z' @130 
 - private static final 'serialPersistentFields' '[Ljava/io/ObjectStreamField;' @112 
 - private static final 'REPL' 'C' @128 
 - public static final 'CASE_INSENSITIVE_ORDER' 'Ljava/util/Comparator;' @116 
 - static final 'LATIN1' 'B' @131 
 - static final 'UTF16' 'B' @132 
 - ---- non-static fields (3 words):
 - private 'hash' 'I' @12 
 - private final 'coder' 'B' @16 
 - private 'hashIsZero' 'Z' @17 
 - injected 'flags' 'B' @18 
 - private final 'value' '[B' @20 
 - non-static oop maps: 20-20 
stack at sp + 2 slots: 0x0000000000000003 is an unknown value
stack at sp + 3 slots: 0x0000009534eff560 points into unknown readable memory: 0x00007ff8432052c8 | c8 52 20 43 f8 7f 00 00
stack at sp + 4 slots: 0x0000000000000040 is an unknown value
stack at sp + 5 slots: 0x0000023a388d0870 points into unknown readable memory: 0x00007ff8432052a8 | a8 52 20 43 f8 7f 00 00
stack at sp + 6 slots: 0x00007ff842b0fb10 jvm.dll
stack at sp + 7 slots: 0x000000060e665158 is pointing into object: [Ljdk.internal.vm.FillerElement; 
{0x000000060e664308} - klass: {type array int}
 - length: 4260


---------------  P R O C E S S  ---------------

Threads class SMR info:
_java_thread_list=0x0000023a97559320, length=20, elements={
0x0000023a3884da20, 0x0000023a50b49190, 0x0000023a50b49fa0, 0x0000023a50b4c380,
0x0000023a50b4d4f0, 0x0000023a50b512c0, 0x0000023a50b59d20, 0x0000023a50b5c780,
0x0000023a50be5e80, 0x0000023a50c420c0, 0x0000023a50be68f0, 0x0000023a960b5c90,
0x0000023a96114050, 0x0000023a9611df30, 0x0000023a963eda20, 0x0000023a96403ad0,
0x0000023a96437700, 0x0000023a96493800, 0x0000023a96d431b0, 0x0000023a96d42b20
}

Java Threads: ( => current thread )
  0x0000023a3884da20 JavaThread "main"                              [_thread_blocked, id=1548, stack(0x0000009534b00000,0x0000009534c00000) (1024K)]
  0x0000023a50b49190 JavaThread "Reference Handler"          daemon [_thread_blocked, id=19412, stack(0x0000009535300000,0x0000009535400000) (1024K)]
  0x0000023a50b49fa0 JavaThread "Finalizer"                  daemon [_thread_blocked, id=19196, stack(0x0000009535400000,0x0000009535500000) (1024K)]
  0x0000023a50b4c380 JavaThread "Signal Dispatcher"          daemon [_thread_blocked, id=19428, stack(0x0000009535500000,0x0000009535600000) (1024K)]
  0x0000023a50b4d4f0 JavaThread "Attach Listener"            daemon [_thread_blocked, id=5824, stack(0x0000009535600000,0x0000009535700000) (1024K)]
  0x0000023a50b512c0 JavaThread "Service Thread"             daemon [_thread_blocked, id=10396, stack(0x0000009535700000,0x0000009535800000) (1024K)]
  0x0000023a50b59d20 JavaThread "Monitor Deflation Thread"   daemon [_thread_blocked, id=19332, stack(0x0000009535800000,0x0000009535900000) (1024K)]
  0x0000023a50b5c780 JavaThread "C1 CompilerThread0"         daemon [_thread_in_native, id=320, stack(0x0000009535900000,0x0000009535a00000) (1024K)]
  0x0000023a50be5e80 JavaThread "Common-Cleaner"             daemon [_thread_blocked, id=18644, stack(0x0000009535a00000,0x0000009535b00000) (1024K)]
  0x0000023a50c420c0 JavaThread "C1 CompilerThread1"         daemon [_thread_blocked, id=9380, stack(0x0000009535b00000,0x0000009535c00000) (1024K)]
  0x0000023a50be68f0 JavaThread "C1 CompilerThread2"         daemon [_thread_blocked, id=21600, stack(0x0000009535c00000,0x0000009535d00000) (1024K)]
  0x0000023a960b5c90 JavaThread "C1 CompilerThread3"         daemon [_thread_blocked, id=8292, stack(0x0000009535d00000,0x0000009535e00000) (1024K)]
  0x0000023a96114050 JavaThread "Monitor Ctrl-Break"         daemon [_thread_in_native, id=8128, stack(0x0000009535e00000,0x0000009535f00000) (1024K)]
  0x0000023a9611df30 JavaThread "Notification Thread"        daemon [_thread_blocked, id=22308, stack(0x0000009535f00000,0x0000009536000000) (1024K)]
  0x0000023a963eda20 JavaThread "RMI TCP Accept-0"           daemon [_thread_in_native, id=1304, stack(0x0000009536000000,0x0000009536100000) (1024K)]
  0x0000023a96403ad0 JavaThread "RMI TCP Connection(1)-192.168.45.238" daemon [_thread_in_native, id=22472, stack(0x0000009536100000,0x0000009536200000) (1024K)]
  0x0000023a96437700 JavaThread "RMI Scheduler(0)"           daemon [_thread_blocked, id=4084, stack(0x0000009536200000,0x0000009536300000) (1024K)]
  0x0000023a96493800 JavaThread "JMX server connection timeout 26" daemon [_thread_blocked, id=21920, stack(0x0000009536300000,0x0000009536400000) (1024K)]
  0x0000023a96d431b0 JavaThread "Thread-0"                          [_thread_blocked, id=18848, stack(0x0000009536d00000,0x0000009536e00000) (1024K)]
  0x0000023a96d42b20 JavaThread "restartedMain"                     [_thread_in_native, id=20936, stack(0x0000009536e00000,0x0000009536f00000) (1024K)]
Total: 20

Other Threads:
  0x0000023a4dfd9190 VMThread "VM Thread"                           [id=12384, stack(0x0000009535200000,0x0000009535300000) (1024K)]
  0x0000023a4dfc9b80 WatcherThread "VM Periodic Task Thread"        [id=18548, stack(0x0000009535100000,0x0000009535200000) (1024K)]
  0x0000023a4de2f4b0 WorkerThread "GC Thread#0"                     [id=3828, stack(0x0000009534c00000,0x0000009534d00000) (1024K)]
  0x0000023a96727620 WorkerThread "GC Thread#1"                     [id=15156, stack(0x0000009536400000,0x0000009536500000) (1024K)]
  0x0000023a967279c0 WorkerThread "GC Thread#2"                     [id=20932, stack(0x0000009536500000,0x0000009536600000) (1024K)]
  0x0000023a96684d60 WorkerThread "GC Thread#3"                     [id=20004, stack(0x0000009536600000,0x0000009536700000) (1024K)]
  0x0000023a96685100 WorkerThread "GC Thread#4"                     [id=11972, stack(0x0000009536700000,0x0000009536800000) (1024K)]
  0x0000023a966854a0 WorkerThread "GC Thread#5"                     [id=19408, stack(0x0000009536800000,0x0000009536900000) (1024K)]
  0x0000023a96685840 WorkerThread "GC Thread#6"                     [id=3824, stack(0x0000009536900000,0x0000009536a00000) (1024K)]
  0x0000023a96686060 WorkerThread "GC Thread#7"                     [id=17604, stack(0x0000009536a00000,0x0000009536b00000) (1024K)]
  0x0000023a96686400 WorkerThread "GC Thread#8"                     [id=11260, stack(0x0000009536b00000,0x0000009536c00000) (1024K)]
  0x0000023a966a9a60 WorkerThread "GC Thread#9"                     [id=22388, stack(0x0000009536c00000,0x0000009536d00000) (1024K)]
  0x0000023a388c1e40 ConcurrentGCThread "G1 Main Marker"            [id=21676, stack(0x0000009534d00000,0x0000009534e00000) (1024K)]
=>0x0000023a388c2940 WorkerThread "G1 Conc#0"                       [id=2840, stack(0x0000009534e00000,0x0000009534f00000) (1024K)]
  0x0000023a96796860 WorkerThread "G1 Conc#1"                       [id=18952, stack(0x0000009536f00000,0x0000009537000000) (1024K)]
  0x0000023a96796c00 WorkerThread "G1 Conc#2"                       [id=20440, stack(0x0000009537000000,0x0000009537100000) (1024K)]
  0x0000023a4de9c460 ConcurrentGCThread "G1 Refine#0"               [id=20124, stack(0x0000009534f00000,0x0000009535000000) (1024K)]
  0x0000023a4de9ff00 ConcurrentGCThread "G1 Service"                [id=15128, stack(0x0000009535000000,0x0000009535100000) (1024K)]
Total: 18

Threads with active compile tasks:
C1 CompilerThread0  727 2919   !   1       sun.net.www.ParseUtil::decode (349 bytes)
Total: 1

VM state: not at safepoint (normal execution)

VM Mutex/Monitor currently owned by a thread:  ([mutex/lock_event])
[0x00007ff84348aea0] MethodCompileQueue_lock - owner thread: 0x0000023a50b5c780
[0x00007ff84348c220] CodeCache_lock - owner thread: 0x0000023a50b5c780
[0x00007ff84348c3a0] Compile_lock - owner thread: 0x0000023a50b5c780

Heap address: 0x000000060e000000, size: 7968 MB, Compressed Oops mode: Zero based, Oop shift amount: 3

CDS archive(s) mapped at: [0x0000023a51000000-0x0000023a51c80000-0x0000023a51c80000), size 13107200, SharedBaseAddress: 0x0000023a51000000, ArchiveRelocationMode: 1.
Compressed class space mapped at: 0x0000023a52000000-0x0000023a92000000, reserved size: 1073741824
Narrow klass base: 0x0000023a51000000, Narrow klass shift: 0, Narrow klass range: 0x100000000

GC Precious Log:
 CardTable entry size: 512
 Card Set container configuration: InlinePtr #cards 4 size 8 Array Of Cards #cards 32 size 80 Howl #buckets 8 coarsen threshold 7372 Howl Bitmap #cards 1024 size 144 coarsen threshold 921 Card regions per heap region 1 cards per card region 8192
 CPUs: 12 total, 12 available
 Memory: 31863M
 Large Page Support: Disabled
 NUMA Support: Disabled
 Compressed Oops: Enabled (Zero based)
 Heap Region Size: 4M
 Heap Min Capacity: 8M
 Heap Initial Capacity: 500M
 Heap Max Capacity: 7968M
 Pre-touch: Disabled
 Parallel Workers: 10
 Concurrent Workers: 3
 Concurrent Refinement Workers: 10
 Periodic GC: Disabled

Heap:
 garbage-first heap   total 512000K, used 15587K [0x000000060e000000, 0x0000000800000000)
  region size 4096K, 4 young (16384K), 2 survivors (8192K)
 Metaspace       used 19561K, committed 19968K, reserved 1114112K
  class space    used 2566K, committed 2752K, reserved 1048576K

Heap Regions: E=young(eden), S=young(survivor), O=old, HS=humongous(starts), HC=humongous(continues), CS=collection set, F=free, TAMS=top-at-mark-start, PB=parsable bottom
|   0|0x000000060e000000, 0x000000060e400000, 0x000000060e400000|100%| O|  |TAMS 0x000000060e400000| PB 0x000000060e000000| Untracked 
|   1|0x000000060e400000, 0x000000060e67a538, 0x000000060e800000| 61%| O|  |TAMS 0x000000060e67a538| PB 0x000000060e400000| Untracked 
|   2|0x000000060e800000, 0x000000060e800000, 0x000000060ec00000|  0%| F|  |TAMS 0x000000060e800000| PB 0x000000060e800000| Untracked 
|   3|0x000000060ec00000, 0x000000060ec00000, 0x000000060f000000|  0%| F|  |TAMS 0x000000060ec00000| PB 0x000000060ec00000| Untracked 
|   4|0x000000060f000000, 0x000000060f000000, 0x000000060f400000|  0%| F|  |TAMS 0x000000060f000000| PB 0x000000060f000000| Untracked 
|   5|0x000000060f400000, 0x000000060f400000, 0x000000060f800000|  0%| F|  |TAMS 0x000000060f400000| PB 0x000000060f400000| Untracked 
|   6|0x000000060f800000, 0x000000060f800000, 0x000000060fc00000|  0%| F|  |TAMS 0x000000060f800000| PB 0x000000060f800000| Untracked 
|   7|0x000000060fc00000, 0x000000060fc00000, 0x0000000610000000|  0%| F|  |TAMS 0x000000060fc00000| PB 0x000000060fc00000| Untracked 
|   8|0x0000000610000000, 0x0000000610000000, 0x0000000610400000|  0%| F|  |TAMS 0x0000000610000000| PB 0x0000000610000000| Untracked 
|   9|0x0000000610400000, 0x0000000610400000, 0x0000000610800000|  0%| F|  |TAMS 0x0000000610400000| PB 0x0000000610400000| Untracked 
|  10|0x0000000610800000, 0x0000000610800000, 0x0000000610c00000|  0%| F|  |TAMS 0x0000000610800000| PB 0x0000000610800000| Untracked 
|  11|0x0000000610c00000, 0x0000000610c00000, 0x0000000611000000|  0%| F|  |TAMS 0x0000000610c00000| PB 0x0000000610c00000| Untracked 
|  12|0x0000000611000000, 0x0000000611000000, 0x0000000611400000|  0%| F|  |TAMS 0x0000000611000000| PB 0x0000000611000000| Untracked 
|  13|0x0000000611400000, 0x0000000611400000, 0x0000000611800000|  0%| F|  |TAMS 0x0000000611400000| PB 0x0000000611400000| Untracked 
|  14|0x0000000611800000, 0x0000000611800000, 0x0000000611c00000|  0%| F|  |TAMS 0x0000000611800000| PB 0x0000000611800000| Untracked 
|  15|0x0000000611c00000, 0x0000000611c00000, 0x0000000612000000|  0%| F|  |TAMS 0x0000000611c00000| PB 0x0000000611c00000| Untracked 
|  16|0x0000000612000000, 0x0000000612000000, 0x0000000612400000|  0%| F|  |TAMS 0x0000000612000000| PB 0x0000000612000000| Untracked 
|  17|0x0000000612400000, 0x0000000612400000, 0x0000000612800000|  0%| F|  |TAMS 0x0000000612400000| PB 0x0000000612400000| Untracked 
|  18|0x0000000612800000, 0x0000000612800000, 0x0000000612c00000|  0%| F|  |TAMS 0x0000000612800000| PB 0x0000000612800000| Untracked 
|  19|0x0000000612c00000, 0x0000000612c00000, 0x0000000613000000|  0%| F|  |TAMS 0x0000000612c00000| PB 0x0000000612c00000| Untracked 
|  20|0x0000000613000000, 0x0000000613000000, 0x0000000613400000|  0%| F|  |TAMS 0x0000000613000000| PB 0x0000000613000000| Untracked 
|  21|0x0000000613400000, 0x0000000613400000, 0x0000000613800000|  0%| F|  |TAMS 0x0000000613400000| PB 0x0000000613400000| Untracked 
|  22|0x0000000613800000, 0x0000000613800000, 0x0000000613c00000|  0%| F|  |TAMS 0x0000000613800000| PB 0x0000000613800000| Untracked 
|  23|0x0000000613c00000, 0x0000000613c00000, 0x0000000614000000|  0%| F|  |TAMS 0x0000000613c00000| PB 0x0000000613c00000| Untracked 
|  24|0x0000000614000000, 0x0000000614000000, 0x0000000614400000|  0%| F|  |TAMS 0x0000000614000000| PB 0x0000000614000000| Untracked 
|  25|0x0000000614400000, 0x0000000614400000, 0x0000000614800000|  0%| F|  |TAMS 0x0000000614400000| PB 0x0000000614400000| Untracked 
|  26|0x0000000614800000, 0x0000000614800000, 0x0000000614c00000|  0%| F|  |TAMS 0x0000000614800000| PB 0x0000000614800000| Untracked 
|  27|0x0000000614c00000, 0x0000000614c00000, 0x0000000615000000|  0%| F|  |TAMS 0x0000000614c00000| PB 0x0000000614c00000| Untracked 
|  28|0x0000000615000000, 0x0000000615000000, 0x0000000615400000|  0%| F|  |TAMS 0x0000000615000000| PB 0x0000000615000000| Untracked 
|  29|0x0000000615400000, 0x0000000615400000, 0x0000000615800000|  0%| F|  |TAMS 0x0000000615400000| PB 0x0000000615400000| Untracked 
|  30|0x0000000615800000, 0x0000000615800000, 0x0000000615c00000|  0%| F|  |TAMS 0x0000000615800000| PB 0x0000000615800000| Untracked 
|  31|0x0000000615c00000, 0x0000000615c00000, 0x0000000616000000|  0%| F|  |TAMS 0x0000000615c00000| PB 0x0000000615c00000| Untracked 
|  32|0x0000000616000000, 0x0000000616000000, 0x0000000616400000|  0%| F|  |TAMS 0x0000000616000000| PB 0x0000000616000000| Untracked 
|  33|0x0000000616400000, 0x0000000616400000, 0x0000000616800000|  0%| F|  |TAMS 0x0000000616400000| PB 0x0000000616400000| Untracked 
|  34|0x0000000616800000, 0x0000000616800000, 0x0000000616c00000|  0%| F|  |TAMS 0x0000000616800000| PB 0x0000000616800000| Untracked 
|  35|0x0000000616c00000, 0x0000000616c00000, 0x0000000617000000|  0%| F|  |TAMS 0x0000000616c00000| PB 0x0000000616c00000| Untracked 
|  36|0x0000000617000000, 0x0000000617000000, 0x0000000617400000|  0%| F|  |TAMS 0x0000000617000000| PB 0x0000000617000000| Untracked 
|  37|0x0000000617400000, 0x0000000617400000, 0x0000000617800000|  0%| F|  |TAMS 0x0000000617400000| PB 0x0000000617400000| Untracked 
|  38|0x0000000617800000, 0x0000000617800000, 0x0000000617c00000|  0%| F|  |TAMS 0x0000000617800000| PB 0x0000000617800000| Untracked 
|  39|0x0000000617c00000, 0x0000000617c00000, 0x0000000618000000|  0%| F|  |TAMS 0x0000000617c00000| PB 0x0000000617c00000| Untracked 
|  40|0x0000000618000000, 0x0000000618000000, 0x0000000618400000|  0%| F|  |TAMS 0x0000000618000000| PB 0x0000000618000000| Untracked 
|  41|0x0000000618400000, 0x0000000618400000, 0x0000000618800000|  0%| F|  |TAMS 0x0000000618400000| PB 0x0000000618400000| Untracked 
|  42|0x0000000618800000, 0x0000000618800000, 0x0000000618c00000|  0%| F|  |TAMS 0x0000000618800000| PB 0x0000000618800000| Untracked 
|  43|0x0000000618c00000, 0x0000000618c00000, 0x0000000619000000|  0%| F|  |TAMS 0x0000000618c00000| PB 0x0000000618c00000| Untracked 
|  44|0x0000000619000000, 0x0000000619000000, 0x0000000619400000|  0%| F|  |TAMS 0x0000000619000000| PB 0x0000000619000000| Untracked 
|  45|0x0000000619400000, 0x0000000619400000, 0x0000000619800000|  0%| F|  |TAMS 0x0000000619400000| PB 0x0000000619400000| Untracked 
|  46|0x0000000619800000, 0x0000000619800000, 0x0000000619c00000|  0%| F|  |TAMS 0x0000000619800000| PB 0x0000000619800000| Untracked 
|  47|0x0000000619c00000, 0x0000000619c00000, 0x000000061a000000|  0%| F|  |TAMS 0x0000000619c00000| PB 0x0000000619c00000| Untracked 
|  48|0x000000061a000000, 0x000000061a000000, 0x000000061a400000|  0%| F|  |TAMS 0x000000061a000000| PB 0x000000061a000000| Untracked 
|  49|0x000000061a400000, 0x000000061a400000, 0x000000061a800000|  0%| F|  |TAMS 0x000000061a400000| PB 0x000000061a400000| Untracked 
|  50|0x000000061a800000, 0x000000061a800000, 0x000000061ac00000|  0%| F|  |TAMS 0x000000061a800000| PB 0x000000061a800000| Untracked 
|  51|0x000000061ac00000, 0x000000061ac00000, 0x000000061b000000|  0%| F|  |TAMS 0x000000061ac00000| PB 0x000000061ac00000| Untracked 
|  52|0x000000061b000000, 0x000000061b000000, 0x000000061b400000|  0%| F|  |TAMS 0x000000061b000000| PB 0x000000061b000000| Untracked 
|  53|0x000000061b400000, 0x000000061b400000, 0x000000061b800000|  0%| F|  |TAMS 0x000000061b400000| PB 0x000000061b400000| Untracked 
|  54|0x000000061b800000, 0x000000061b800000, 0x000000061bc00000|  0%| F|  |TAMS 0x000000061b800000| PB 0x000000061b800000| Untracked 
|  55|0x000000061bc00000, 0x000000061bc00000, 0x000000061c000000|  0%| F|  |TAMS 0x000000061bc00000| PB 0x000000061bc00000| Untracked 
|  56|0x000000061c000000, 0x000000061c000000, 0x000000061c400000|  0%| F|  |TAMS 0x000000061c000000| PB 0x000000061c000000| Untracked 
|  57|0x000000061c400000, 0x000000061c400000, 0x000000061c800000|  0%| F|  |TAMS 0x000000061c400000| PB 0x000000061c400000| Untracked 
|  58|0x000000061c800000, 0x000000061c800000, 0x000000061cc00000|  0%| F|  |TAMS 0x000000061c800000| PB 0x000000061c800000| Untracked 
|  59|0x000000061cc00000, 0x000000061cc00000, 0x000000061d000000|  0%| F|  |TAMS 0x000000061cc00000| PB 0x000000061cc00000| Untracked 
|  60|0x000000061d000000, 0x000000061d000000, 0x000000061d400000|  0%| F|  |TAMS 0x000000061d000000| PB 0x000000061d000000| Untracked 
|  61|0x000000061d400000, 0x000000061d400000, 0x000000061d800000|  0%| F|  |TAMS 0x000000061d400000| PB 0x000000061d400000| Untracked 
|  62|0x000000061d800000, 0x000000061d800000, 0x000000061dc00000|  0%| F|  |TAMS 0x000000061d800000| PB 0x000000061d800000| Untracked 
|  63|0x000000061dc00000, 0x000000061dc00000, 0x000000061e000000|  0%| F|  |TAMS 0x000000061dc00000| PB 0x000000061dc00000| Untracked 
|  64|0x000000061e000000, 0x000000061e000000, 0x000000061e400000|  0%| F|  |TAMS 0x000000061e000000| PB 0x000000061e000000| Untracked 
|  65|0x000000061e400000, 0x000000061e400000, 0x000000061e800000|  0%| F|  |TAMS 0x000000061e400000| PB 0x000000061e400000| Untracked 
|  66|0x000000061e800000, 0x000000061e800000, 0x000000061ec00000|  0%| F|  |TAMS 0x000000061e800000| PB 0x000000061e800000| Untracked 
|  67|0x000000061ec00000, 0x000000061ec00000, 0x000000061f000000|  0%| F|  |TAMS 0x000000061ec00000| PB 0x000000061ec00000| Untracked 
|  68|0x000000061f000000, 0x000000061f000000, 0x000000061f400000|  0%| F|  |TAMS 0x000000061f000000| PB 0x000000061f000000| Untracked 
|  69|0x000000061f400000, 0x000000061f400000, 0x000000061f800000|  0%| F|  |TAMS 0x000000061f400000| PB 0x000000061f400000| Untracked 
|  70|0x000000061f800000, 0x000000061f800000, 0x000000061fc00000|  0%| F|  |TAMS 0x000000061f800000| PB 0x000000061f800000| Untracked 
|  71|0x000000061fc00000, 0x000000061fc00000, 0x0000000620000000|  0%| F|  |TAMS 0x000000061fc00000| PB 0x000000061fc00000| Untracked 
|  72|0x0000000620000000, 0x0000000620000000, 0x0000000620400000|  0%| F|  |TAMS 0x0000000620000000| PB 0x0000000620000000| Untracked 
|  73|0x0000000620400000, 0x0000000620400000, 0x0000000620800000|  0%| F|  |TAMS 0x0000000620400000| PB 0x0000000620400000| Untracked 
|  74|0x0000000620800000, 0x0000000620800000, 0x0000000620c00000|  0%| F|  |TAMS 0x0000000620800000| PB 0x0000000620800000| Untracked 
|  75|0x0000000620c00000, 0x0000000620c00000, 0x0000000621000000|  0%| F|  |TAMS 0x0000000620c00000| PB 0x0000000620c00000| Untracked 
|  76|0x0000000621000000, 0x0000000621000000, 0x0000000621400000|  0%| F|  |TAMS 0x0000000621000000| PB 0x0000000621000000| Untracked 
|  77|0x0000000621400000, 0x0000000621400000, 0x0000000621800000|  0%| F|  |TAMS 0x0000000621400000| PB 0x0000000621400000| Untracked 
|  78|0x0000000621800000, 0x0000000621800000, 0x0000000621c00000|  0%| F|  |TAMS 0x0000000621800000| PB 0x0000000621800000| Untracked 
|  79|0x0000000621c00000, 0x0000000621c00000, 0x0000000622000000|  0%| F|  |TAMS 0x0000000621c00000| PB 0x0000000621c00000| Untracked 
|  80|0x0000000622000000, 0x0000000622000000, 0x0000000622400000|  0%| F|  |TAMS 0x0000000622000000| PB 0x0000000622000000| Untracked 
|  81|0x0000000622400000, 0x0000000622400000, 0x0000000622800000|  0%| F|  |TAMS 0x0000000622400000| PB 0x0000000622400000| Untracked 
|  82|0x0000000622800000, 0x0000000622800000, 0x0000000622c00000|  0%| F|  |TAMS 0x0000000622800000| PB 0x0000000622800000| Untracked 
|  83|0x0000000622c00000, 0x0000000622c00000, 0x0000000623000000|  0%| F|  |TAMS 0x0000000622c00000| PB 0x0000000622c00000| Untracked 
|  84|0x0000000623000000, 0x0000000623000000, 0x0000000623400000|  0%| F|  |TAMS 0x0000000623000000| PB 0x0000000623000000| Untracked 
|  85|0x0000000623400000, 0x0000000623400000, 0x0000000623800000|  0%| F|  |TAMS 0x0000000623400000| PB 0x0000000623400000| Untracked 
|  86|0x0000000623800000, 0x0000000623800000, 0x0000000623c00000|  0%| F|  |TAMS 0x0000000623800000| PB 0x0000000623800000| Untracked 
|  87|0x0000000623c00000, 0x0000000623c00000, 0x0000000624000000|  0%| F|  |TAMS 0x0000000623c00000| PB 0x0000000623c00000| Untracked 
|  88|0x0000000624000000, 0x0000000624000000, 0x0000000624400000|  0%| F|  |TAMS 0x0000000624000000| PB 0x0000000624000000| Untracked 
|  89|0x0000000624400000, 0x0000000624400000, 0x0000000624800000|  0%| F|  |TAMS 0x0000000624400000| PB 0x0000000624400000| Untracked 
|  90|0x0000000624800000, 0x0000000624800000, 0x0000000624c00000|  0%| F|  |TAMS 0x0000000624800000| PB 0x0000000624800000| Untracked 
|  91|0x0000000624c00000, 0x0000000624c00000, 0x0000000625000000|  0%| F|  |TAMS 0x0000000624c00000| PB 0x0000000624c00000| Untracked 
|  92|0x0000000625000000, 0x0000000625000000, 0x0000000625400000|  0%| F|  |TAMS 0x0000000625000000| PB 0x0000000625000000| Untracked 
|  93|0x0000000625400000, 0x0000000625400000, 0x0000000625800000|  0%| F|  |TAMS 0x0000000625400000| PB 0x0000000625400000| Untracked 
|  94|0x0000000625800000, 0x0000000625800000, 0x0000000625c00000|  0%| F|  |TAMS 0x0000000625800000| PB 0x0000000625800000| Untracked 
|  95|0x0000000625c00000, 0x0000000625c00000, 0x0000000626000000|  0%| F|  |TAMS 0x0000000625c00000| PB 0x0000000625c00000| Untracked 
|  96|0x0000000626000000, 0x0000000626000000, 0x0000000626400000|  0%| F|  |TAMS 0x0000000626000000| PB 0x0000000626000000| Untracked 
|  97|0x0000000626400000, 0x0000000626400000, 0x0000000626800000|  0%| F|  |TAMS 0x0000000626400000| PB 0x0000000626400000| Untracked 
|  98|0x0000000626800000, 0x0000000626800000, 0x0000000626c00000|  0%| F|  |TAMS 0x0000000626800000| PB 0x0000000626800000| Untracked 
|  99|0x0000000626c00000, 0x0000000626c00000, 0x0000000627000000|  0%| F|  |TAMS 0x0000000626c00000| PB 0x0000000626c00000| Untracked 
| 100|0x0000000627000000, 0x0000000627000000, 0x0000000627400000|  0%| F|  |TAMS 0x0000000627000000| PB 0x0000000627000000| Untracked 
| 101|0x0000000627400000, 0x0000000627400000, 0x0000000627800000|  0%| F|  |TAMS 0x0000000627400000| PB 0x0000000627400000| Untracked 
| 102|0x0000000627800000, 0x0000000627800000, 0x0000000627c00000|  0%| F|  |TAMS 0x0000000627800000| PB 0x0000000627800000| Untracked 
| 103|0x0000000627c00000, 0x0000000627c00000, 0x0000000628000000|  0%| F|  |TAMS 0x0000000627c00000| PB 0x0000000627c00000| Untracked 
| 104|0x0000000628000000, 0x0000000628000000, 0x0000000628400000|  0%| F|  |TAMS 0x0000000628000000| PB 0x0000000628000000| Untracked 
| 105|0x0000000628400000, 0x0000000628400000, 0x0000000628800000|  0%| F|  |TAMS 0x0000000628400000| PB 0x0000000628400000| Untracked 
| 106|0x0000000628800000, 0x0000000628800000, 0x0000000628c00000|  0%| F|  |TAMS 0x0000000628800000| PB 0x0000000628800000| Untracked 
| 107|0x0000000628c00000, 0x0000000628c00000, 0x0000000629000000|  0%| F|  |TAMS 0x0000000628c00000| PB 0x0000000628c00000| Untracked 
| 108|0x0000000629000000, 0x0000000629000000, 0x0000000629400000|  0%| F|  |TAMS 0x0000000629000000| PB 0x0000000629000000| Untracked 
| 109|0x0000000629400000, 0x0000000629400000, 0x0000000629800000|  0%| F|  |TAMS 0x0000000629400000| PB 0x0000000629400000| Untracked 
| 110|0x0000000629800000, 0x0000000629800000, 0x0000000629c00000|  0%| F|  |TAMS 0x0000000629800000| PB 0x0000000629800000| Untracked 
| 111|0x0000000629c00000, 0x0000000629c00000, 0x000000062a000000|  0%| F|  |TAMS 0x0000000629c00000| PB 0x0000000629c00000| Untracked 
| 112|0x000000062a000000, 0x000000062a0be8d0, 0x000000062a400000| 18%| S|CS|TAMS 0x000000062a000000| PB 0x000000062a000000| Complete 
| 113|0x000000062a400000, 0x000000062a800000, 0x000000062a800000|100%| S|CS|TAMS 0x000000062a400000| PB 0x000000062a400000| Complete 
| 114|0x000000062a800000, 0x000000062a800000, 0x000000062ac00000|  0%| F|  |TAMS 0x000000062a800000| PB 0x000000062a800000| Untracked 
| 115|0x000000062ac00000, 0x000000062ac00000, 0x000000062b000000|  0%| F|  |TAMS 0x000000062ac00000| PB 0x000000062ac00000| Untracked 
| 116|0x000000062b000000, 0x000000062b000000, 0x000000062b400000|  0%| F|  |TAMS 0x000000062b000000| PB 0x000000062b000000| Untracked 
| 117|0x000000062b400000, 0x000000062b400000, 0x000000062b800000|  0%| F|  |TAMS 0x000000062b400000| PB 0x000000062b400000| Untracked 
| 118|0x000000062b800000, 0x000000062b800000, 0x000000062bc00000|  0%| F|  |TAMS 0x000000062b800000| PB 0x000000062b800000| Untracked 
| 119|0x000000062bc00000, 0x000000062bc00000, 0x000000062c000000|  0%| F|  |TAMS 0x000000062bc00000| PB 0x000000062bc00000| Untracked 
| 120|0x000000062c000000, 0x000000062c000000, 0x000000062c400000|  0%| F|  |TAMS 0x000000062c000000| PB 0x000000062c000000| Untracked 
| 121|0x000000062c400000, 0x000000062c400000, 0x000000062c800000|  0%| F|  |TAMS 0x000000062c400000| PB 0x000000062c400000| Untracked 
| 122|0x000000062c800000, 0x000000062c800000, 0x000000062cc00000|  0%| F|  |TAMS 0x000000062c800000| PB 0x000000062c800000| Untracked 
| 123|0x000000062cc00000, 0x000000062cc722e0, 0x000000062d000000| 11%| E|  |TAMS 0x000000062cc00000| PB 0x000000062cc00000| Complete 
| 124|0x000000062d000000, 0x000000062d400000, 0x000000062d400000|100%| E|CS|TAMS 0x000000062d000000| PB 0x000000062d000000| Complete 

Card table byte_map: [0x0000023a451e0000,0x0000023a46170000] _byte_map_base: 0x0000023a42170000

Marking Bits: (CMBitMap*) 0x0000023a388b1ea0
 Bits: [0x0000023a46170000, 0x0000023a4ddf0000)

Polling page: 0x0000023a367b0000

Metaspace:

Usage:
  Non-class:     16.60 MB used.
      Class:      2.51 MB used.
       Both:     19.10 MB used.

Virtual space:
  Non-class space:       64.00 MB reserved,      16.81 MB ( 26%) committed,  1 nodes.
      Class space:        1.00 GB reserved,       2.69 MB ( <1%) committed,  1 nodes.
             Both:        1.06 GB reserved,      19.50 MB (  2%) committed. 

Chunk freelists:
   Non-Class:  14.50 MB
       Class:  13.27 MB
        Both:  27.77 MB

MaxMetaspaceSize: unlimited
CompressedClassSpaceSize: 1.00 GB
Initial GC threshold: 21.00 MB
Current GC threshold: 21.00 MB
CDS: on
 - commit_granule_bytes: 65536.
 - commit_granule_words: 8192.
 - virtual_space_node_default_size: 8388608.
 - enlarge_chunks_in_place: 1.
 - use_allocation_guard: 0.


Internal statistics:

num_allocs_failed_limit: 0.
num_arena_births: 490.
num_arena_deaths: 0.
num_vsnodes_births: 2.
num_vsnodes_deaths: 0.
num_space_committed: 312.
num_space_uncommitted: 0.
num_chunks_returned_to_freelist: 0.
num_chunks_taken_from_freelist: 1095.
num_chunk_merges: 0.
num_chunk_splits: 723.
num_chunks_enlarged: 472.
num_inconsistent_stats: 0.

CodeCache: size=49152Kb used=7631Kb max_used=7631Kb free=41520Kb
 bounds [0x0000023a40f20000, 0x0000023a416a0000, 0x0000023a43f20000]
 total_blobs=3459 nmethods=2929 adapters=450
 compilation: enabled
              stopped_count=0, restarted_count=0
 full_count=0

Compilation events (20 events):
Event: 0.696 Thread 0x0000023a50b5c780 2785       1       sun.nio.ch.Util::getTemporaryDirectBuffer (55 bytes)
Event: 0.696 Thread 0x0000023a960b5c90 2786       1       sun.nio.ch.Util$BufferCache::get (164 bytes)
Event: 0.696 Thread 0x0000023a50b5c780 nmethod 2785 0x0000023a41652d10 code [0x0000023a41652f20, 0x0000023a41653318]
Event: 0.698 Thread 0x0000023a960b5c90 nmethod 2786 0x0000023a41653590 code [0x0000023a41653780, 0x0000023a41653b88]
Event: 0.698 Thread 0x0000023a960b5c90 2787       1       sun.nio.ch.Util::offerFirstTemporaryDirectBuffer (53 bytes)
Event: 0.698 Thread 0x0000023a50b5c780 2788       1       sun.nio.ch.Util::isBufferTooLarge (8 bytes)
Event: 0.698 Thread 0x0000023a50be68f0 2789       1       sun.nio.ch.Util$BufferCache::offerFirst (73 bytes)
Event: 0.698 Thread 0x0000023a50b5c780 nmethod 2788 0x0000023a41653e10 code [0x0000023a41653fa0, 0x0000023a41654078]
Event: 0.698 Thread 0x0000023a50be68f0 nmethod 2789 0x0000023a41654110 code [0x0000023a416542c0, 0x0000023a41654500]
Event: 0.699 Thread 0x0000023a960b5c90 nmethod 2787 0x0000023a41654610 code [0x0000023a41654820, 0x0000023a41654b38]
Event: 0.699 Thread 0x0000023a960b5c90 2790       1       java.nio.MappedByteBuffer::rewind (5 bytes)
Event: 0.699 Thread 0x0000023a50c420c0 2791       1       java.nio.MappedByteBuffer::rewind (7 bytes)
Event: 0.699 Thread 0x0000023a50b5c780 2792       1       java.nio.ByteBuffer::rewind (7 bytes)
Event: 0.699 Thread 0x0000023a50be68f0 2793       1       java.nio.Buffer::rewind (12 bytes)
Event: 0.700 Thread 0x0000023a960b5c90 nmethod 2790 0x0000023a41654d90 code [0x0000023a41654f20, 0x0000023a41654ff8]
Event: 0.700 Thread 0x0000023a50be68f0 nmethod 2793 0x0000023a41655090 code [0x0000023a41655220, 0x0000023a416552f8]
Event: 0.700 Thread 0x0000023a50b5c780 nmethod 2792 0x0000023a41655390 code [0x0000023a41655520, 0x0000023a416555f8]
Event: 0.700 Thread 0x0000023a50c420c0 nmethod 2791 0x0000023a41655690 code [0x0000023a41655820, 0x0000023a416558f8]
Event: 0.700 Thread 0x0000023a50c420c0 2794       1       org.springframework.asm.ClassReader::<init> (359 bytes)
Event: 0.700 Thread 0x0000023a50c420c0 nmethod 2794 0x0000023a41655990 code [0x0000023a41655bc0, 0x0000023a41656598]

GC Heap History (6 events):
Event: 0.328 GC heap before
{Heap before GC invocations=0 (full 0):
 garbage-first heap   total 512000K, used 24576K [0x000000060e000000, 0x0000000800000000)
  region size 4096K, 6 young (24576K), 0 survivors (0K)
 Metaspace       used 7386K, committed 7744K, reserved 1114112K
  class space    used 882K, committed 1024K, reserved 1048576K
}
Event: 0.331 GC heap after
{Heap after GC invocations=1 (full 0):
 garbage-first heap   total 512000K, used 6416K [0x000000060e000000, 0x0000000800000000)
  region size 4096K, 1 young (4096K), 1 survivors (4096K)
 Metaspace       used 7386K, committed 7744K, reserved 1114112K
  class space    used 882K, committed 1024K, reserved 1048576K
}
Event: 0.510 GC heap before
{Heap before GC invocations=1 (full 0):
 garbage-first heap   total 512000K, used 26896K [0x000000060e000000, 0x0000000800000000)
  region size 4096K, 6 young (24576K), 1 survivors (4096K)
 Metaspace       used 11247K, committed 11648K, reserved 1114112K
  class space    used 1458K, committed 1664K, reserved 1048576K
}
Event: 0.511 GC heap after
{Heap after GC invocations=2 (full 0):
 garbage-first heap   total 512000K, used 8255K [0x000000060e000000, 0x0000000800000000)
  region size 4096K, 1 young (4096K), 1 survivors (4096K)
 Metaspace       used 11247K, committed 11648K, reserved 1114112K
  class space    used 1458K, committed 1664K, reserved 1048576K
}
Event: 0.696 GC heap before
{Heap before GC invocations=2 (full 0):
 garbage-first heap   total 512000K, used 41023K [0x000000060e000000, 0x0000000800000000)
  region size 4096K, 11 young (45056K), 1 survivors (4096K)
 Metaspace       used 19430K, committed 19840K, reserved 1114112K
  class space    used 2550K, committed 2752K, reserved 1048576K
}
Event: 0.698 GC heap after
{Heap after GC invocations=3 (full 0):
 garbage-first heap   total 512000K, used 11491K [0x000000060e000000, 0x0000000800000000)
  region size 4096K, 2 young (8192K), 2 survivors (8192K)
 Metaspace       used 19430K, committed 19840K, reserved 1114112K
  class space    used 2550K, committed 2752K, reserved 1048576K
}

Dll operation events (12 events):
Event: 0.021 Loaded shared library C:\Users\licjk\.jdks\corretto-21.0.5\bin\java.dll
Event: 0.077 Loaded shared library C:\Users\licjk\.jdks\corretto-21.0.5\bin\zip.dll
Event: 0.080 Loaded shared library C:\Users\licjk\.jdks\corretto-21.0.5\bin\instrument.dll
Event: 0.082 Loaded shared library C:\Users\licjk\.jdks\corretto-21.0.5\bin\net.dll
Event: 0.083 Loaded shared library C:\Users\licjk\.jdks\corretto-21.0.5\bin\nio.dll
Event: 0.085 Loaded shared library C:\Users\licjk\.jdks\corretto-21.0.5\bin\zip.dll
Event: 0.117 Loaded shared library C:\Users\licjk\.jdks\corretto-21.0.5\bin\jimage.dll
Event: 0.120 Loaded shared library C:\Program Files\JetBrains\IntelliJ IDEA 2024.3\bin\breakgen64.dll
Event: 0.123 Loaded shared library C:\Users\licjk\.jdks\corretto-21.0.5\bin\extnet.dll
Event: 0.140 Loaded shared library C:\Users\licjk\.jdks\corretto-21.0.5\bin\management.dll
Event: 0.144 Loaded shared library C:\Users\licjk\.jdks\corretto-21.0.5\bin\management_ext.dll
Event: 0.670 Loaded shared library C:\Users\licjk\.jdks\corretto-21.0.5\bin\sunmscapi.dll

Deoptimization events (0 events):
No events

Classes loaded (20 events):
Event: 0.676 Loading class com/sun/crypto/provider/SunJCE
Event: 0.676 Loading class com/sun/crypto/provider/SunJCE done
Event: 0.679 Loading class java/security/AuthProvider
Event: 0.679 Loading class java/security/AuthProvider done
Event: 0.679 Loading class java/security/PrivilegedActionException
Event: 0.679 Loading class java/security/PrivilegedActionException done
Event: 0.679 Loading class javax/security/auth/login/FailedLoginException
Event: 0.679 Loading class javax/security/auth/login/FailedLoginException done
Event: 0.679 Loading class javax/security/auth/callback/CallbackHandler
Event: 0.679 Loading class javax/security/auth/callback/CallbackHandler done
Event: 0.680 Loading class com/sun/security/sasl/Provider
Event: 0.680 Loading class com/sun/security/sasl/Provider done
Event: 0.680 Loading class com/sun/security/sasl/Provider$1
Event: 0.680 Loading class com/sun/security/sasl/Provider$1 done
Event: 0.680 Loading class com/sun/security/sasl/Provider$ProviderService
Event: 0.680 Loading class com/sun/security/sasl/Provider$ProviderService done
Event: 0.681 Loading class sun/security/provider/certpath/ldap/JdkLDAP
Event: 0.681 Loading class sun/security/provider/certpath/ldap/JdkLDAP done
Event: 0.681 Loading class sun/security/provider/certpath/ldap/JdkLDAP$ProviderService
Event: 0.681 Loading class sun/security/provider/certpath/ldap/JdkLDAP$ProviderService done

Classes unloaded (0 events):
No events

Classes redefined (0 events):
No events

Internal exceptions (20 events):
Event: 0.496 Thread 0x0000023a96d42b20 Exception <a 'java/lang/NoSuchMethodError'{0x000000062c26d288}: 'java.lang.Object java.lang.invoke.Invokers$Holder.linkToTargetMethod(java.lang.Object, java.lang.Object, int, java.lang.Object, java.lang.Object)'> (0x000000062c26d288) 
thrown [s\src\hotspot\share\interpreter\linkResolver.cpp, line 773]
Event: 0.497 Thread 0x0000023a96d42b20 Exception <a 'java/lang/NoSuchMethodError'{0x000000062c27b4b8}: 'java.lang.Object java.lang.invoke.DirectMethodHandle$Holder.newInvokeSpecial(java.lang.Object, int, java.lang.Object)'> (0x000000062c27b4b8) 
thrown [s\src\hotspot\share\interpreter\linkResolver.cpp, line 773]
Event: 0.497 Thread 0x0000023a96d42b20 Exception <a 'java/lang/NoSuchMethodError'{0x000000062c27f250}: 'int java.lang.invoke.DirectMethodHandle$Holder.invokeSpecialIFC(java.lang.Object, java.lang.Object, java.lang.Object, java.lang.Object)'> (0x000000062c27f250) 
thrown [s\src\hotspot\share\interpreter\linkResolver.cpp, line 773]
Event: 0.503 Thread 0x0000023a96d42b20 Exception <a 'java/lang/NoSuchMethodError'{0x000000062c371268}: 'void java.lang.invoke.DirectMethodHandle$Holder.invokeInterface(java.lang.Object, java.lang.Object, java.lang.Object)'> (0x000000062c371268) 
thrown [s\src\hotspot\share\interpreter\linkResolver.cpp, line 773]
Event: 0.513 Thread 0x0000023a96d42b20 Exception <a 'java/lang/NoSuchMethodError'{0x000000062d091108}: 'java.lang.Object java.lang.invoke.DirectMethodHandle$Holder.invokeVirtual(java.lang.Object, java.lang.Object, java.lang.Object)'> (0x000000062d091108) 
thrown [s\src\hotspot\share\interpreter\linkResolver.cpp, line 773]
Event: 0.521 Thread 0x0000023a96d42b20 Exception <a 'java/lang/NoSuchMethodError'{0x000000062d182410}: 'void java.lang.invoke.DirectMethodHandle$Holder.invokeStatic(java.lang.Object, java.lang.Object, int)'> (0x000000062d182410) 
thrown [s\src\hotspot\share\interpreter\linkResolver.cpp, line 773]
Event: 0.522 Thread 0x0000023a96d42b20 Exception <a 'java/lang/NoSuchMethodError'{0x000000062d192dd0}: 'void java.lang.invoke.DirectMethodHandle$Holder.invokeStaticInit(java.lang.Object, java.lang.Object, java.lang.Object)'> (0x000000062d192dd0) 
thrown [s\src\hotspot\share\interpreter\linkResolver.cpp, line 773]
Event: 0.528 Thread 0x0000023a96d42b20 Exception <a 'java/lang/NoSuchMethodError'{0x000000062d236790}: 'void java.lang.invoke.DirectMethodHandle$Holder.invokeVirtual(java.lang.Object, java.lang.Object, java.lang.Object, java.lang.Object)'> (0x000000062d236790) 
thrown [s\src\hotspot\share\interpreter\linkResolver.cpp, line 773]
Event: 0.547 Thread 0x0000023a96d43840 Exception <a 'java/lang/NoClassDefFoundError'{0x000000062cc3d1d0}: jakarta/validation/Validation> (0x000000062cc3d1d0) 
thrown [s\src\hotspot\share\classfile\systemDictionary.cpp, line 301]
Event: 0.548 Thread 0x0000023a96d42b20 Exception <a 'java/lang/NoSuchMethodError'{0x000000062cc56fd8}: 'java.lang.reflect.Field[] java.lang.Class.getDeclaredFields(java.lang.Class)'> (0x000000062cc56fd8) 
thrown [s\src\hotspot\share\interpreter\linkResolver.cpp, line 773]
Event: 0.548 Thread 0x0000023a96d42b20 Exception <a 'java/lang/NoSuchMethodError'{0x000000062cc5b958}: 'java.lang.Object java.lang.invoke.DirectMethodHandle$Holder.invokeStatic(java.lang.Object, java.lang.Object, int)'> (0x000000062cc5b958) 
thrown [s\src\hotspot\share\interpreter\linkResolver.cpp, line 773]
Event: 0.548 Thread 0x0000023a96d42b20 Exception <a 'java/lang/NoSuchMethodError'{0x000000062cc66da8}: 'void java.lang.invoke.DelegatingMethodHandle$Holder.delegate(java.lang.Object, java.lang.Object, int, java.lang.Object)'> (0x000000062cc66da8) 
thrown [s\src\hotspot\share\interpreter\linkResolver.cpp, line 773]
Event: 0.552 Thread 0x0000023a96d42b20 Exception <a 'java/lang/IncompatibleClassChangeError'{0x000000062cdb5518}: Found class java.lang.Object, but interface was expected> (0x000000062cdb5518) 
thrown [s\src\hotspot\share\interpreter\linkResolver.cpp, line 840]
Event: 0.644 Thread 0x0000023a96d42b20 Exception <a 'java/lang/NoSuchMethodError'{0x000000062b10f1e0}: 'int java.lang.invoke.DirectMethodHandle$Holder.invokeSpecial(java.lang.Object, java.lang.Object, java.lang.Object, java.lang.Object, java.lang.Object)'> (0x000000062b10f1e0) 
thrown [s\src\hotspot\share\interpreter\linkResolver.cpp, line 773]
Event: 0.644 Thread 0x0000023a96d42b20 Exception <a 'java/lang/NoSuchMethodError'{0x000000062b117280}: 'void java.lang.invoke.DirectMethodHandle$Holder.invokeVirtual(java.lang.Object, java.lang.Object)'> (0x000000062b117280) 
thrown [s\src\hotspot\share\interpreter\linkResolver.cpp, line 773]
Event: 0.654 Thread 0x0000023a96d43840 Exception <a 'java/lang/NoSuchMethodError'{0x000000062b34c950}: 'long java.lang.invoke.DirectMethodHandle$Holder.invokeStatic(java.lang.Object, java.lang.Object)'> (0x000000062b34c950) 
thrown [s\src\hotspot\share\interpreter\linkResolver.cpp, line 773]
Event: 0.654 Thread 0x0000023a96d43840 Exception <a 'java/lang/NoSuchMethodError'{0x000000062b34fa48}: 'long java.lang.invoke.DirectMethodHandle$Holder.invokeStaticInit(java.lang.Object, java.lang.Object)'> (0x000000062b34fa48) 
thrown [s\src\hotspot\share\interpreter\linkResolver.cpp, line 773]
Event: 0.654 Thread 0x0000023a96d43840 Exception <a 'java/lang/NoSuchMethodError'{0x000000062b38dc70}: 'long java.lang.invoke.DirectMethodHandle$Holder.invokeInterface(java.lang.Object, java.lang.Object)'> (0x000000062b38dc70) 
thrown [s\src\hotspot\share\interpreter\linkResolver.cpp, line 773]
Event: 0.654 Thread 0x0000023a96d43840 Exception <a 'java/lang/IncompatibleClassChangeError'{0x000000062b390c90}: Found class java.lang.Object, but interface was expected> (0x000000062b390c90) 
thrown [s\src\hotspot\share\interpreter\linkResolver.cpp, line 840]
Event: 0.656 Thread 0x0000023a96d43840 Exception <a 'java/lang/NoSuchMethodError'{0x000000062b3a7420}: 'java.lang.Object java.lang.invoke.DirectMethodHandle$Holder.invokeVirtual(java.lang.Object, java.lang.Object, java.lang.Object, java.lang.Object)'> (0x000000062b3a7420) 
thrown [s\src\hotspot\share\interpreter\linkResolver.cpp, line 773]

ZGC Phase Switch (0 events):
No events

VM Operations (20 events):
Event: 0.488 Executing VM operation: HandshakeAllThreads (Deoptimize)
Event: 0.489 Executing VM operation: HandshakeAllThreads (Deoptimize) done
Event: 0.501 Executing VM operation: ICBufferFull
Event: 0.501 Executing VM operation: ICBufferFull done
Event: 0.510 Executing VM operation: G1CollectForAllocation (G1 Evacuation Pause)
Event: 0.511 Executing VM operation: G1CollectForAllocation (G1 Evacuation Pause) done
Event: 0.542 Executing VM operation: HandshakeAllThreads (Deoptimize)
Event: 0.542 Executing VM operation: HandshakeAllThreads (Deoptimize) done
Event: 0.543 Executing VM operation: HandshakeAllThreads (Deoptimize)
Event: 0.543 Executing VM operation: HandshakeAllThreads (Deoptimize) done
Event: 0.619 Executing VM operation: HandshakeAllThreads (Deoptimize)
Event: 0.619 Executing VM operation: HandshakeAllThreads (Deoptimize) done
Event: 0.637 Executing VM operation: HandshakeAllThreads (Deoptimize)
Event: 0.637 Executing VM operation: HandshakeAllThreads (Deoptimize) done
Event: 0.672 Executing VM operation: HandshakeAllThreads (Deoptimize)
Event: 0.672 Executing VM operation: HandshakeAllThreads (Deoptimize) done
Event: 0.695 Executing VM operation: ICBufferFull
Event: 0.695 Executing VM operation: ICBufferFull done
Event: 0.696 Executing VM operation: G1TryInitiateConcMark (CodeCache GC Threshold)
Event: 0.698 Executing VM operation: G1TryInitiateConcMark (CodeCache GC Threshold) done

Memory protections (0 events):
No events

Nmethod flushes (0 events):
No events

Events (20 events):
Event: 0.038 Thread 0x0000023a3884da20 Thread added: 0x0000023a50b49fa0
Event: 0.038 Thread 0x0000023a3884da20 Thread added: 0x0000023a50b4c380
Event: 0.038 Thread 0x0000023a3884da20 Thread added: 0x0000023a50b4d4f0
Event: 0.038 Thread 0x0000023a3884da20 Thread added: 0x0000023a50b512c0
Event: 0.038 Thread 0x0000023a3884da20 Thread added: 0x0000023a50b59d20
Event: 0.038 Thread 0x0000023a3884da20 Thread added: 0x0000023a50b5c780
Event: 0.068 Thread 0x0000023a3884da20 Thread added: 0x0000023a50be5e80
Event: 0.071 Thread 0x0000023a50b5c780 Thread added: 0x0000023a50c420c0
Event: 0.071 Thread 0x0000023a50b5c780 Thread added: 0x0000023a50be68f0
Event: 0.113 Thread 0x0000023a50be68f0 Thread added: 0x0000023a960b5c90
Event: 0.120 Thread 0x0000023a3884da20 Thread added: 0x0000023a96114050
Event: 0.120 Thread 0x0000023a3884da20 Thread added: 0x0000023a9611df30
Event: 0.250 Thread 0x0000023a3884da20 Thread added: 0x0000023a963eda20
Event: 0.257 Thread 0x0000023a963eda20 Thread added: 0x0000023a96403ad0
Event: 0.266 Thread 0x0000023a96403ad0 Thread added: 0x0000023a96437700
Event: 0.269 Thread 0x0000023a96403ad0 Thread added: 0x0000023a96493800
Event: 0.387 Thread 0x0000023a3884da20 Thread added: 0x0000023a96d431b0
Event: 0.389 Thread 0x0000023a96d431b0 Thread added: 0x0000023a96d42b20
Event: 0.546 Thread 0x0000023a96d42b20 Thread added: 0x0000023a96d43840
Event: 0.682 Thread 0x0000023a96d43840 Thread exited: 0x0000023a96d43840


Dynamic libraries:
0x00007ff609400000 - 0x00007ff60940e000 	C:\Users\licjk\.jdks\corretto-21.0.5\bin\java.exe
0x00007ff8ac8b0000 - 0x00007ff8acac7000 	C:\Windows\SYSTEM32\ntdll.dll
0x00007ff8aae00000 - 0x00007ff8aaec4000 	C:\Windows\System32\KERNEL32.DLL
0x00007ff8a9f00000 - 0x00007ff8aa2ba000 	C:\Windows\System32\KERNELBASE.dll
0x00007ff8a9d10000 - 0x00007ff8a9e21000 	C:\Windows\System32\ucrtbase.dll
0x00007ff898b30000 - 0x00007ff898b48000 	C:\Users\licjk\.jdks\corretto-21.0.5\bin\jli.dll
0x00007ff8989c0000 - 0x00007ff8989db000 	C:\Users\licjk\.jdks\corretto-21.0.5\bin\VCRUNTIME140.dll
0x00007ff8aa620000 - 0x00007ff8aa7ce000 	C:\Windows\System32\USER32.dll
0x00007ff8a9ce0000 - 0x00007ff8a9d06000 	C:\Windows\System32\win32u.dll
0x00007ff89dda0000 - 0x00007ff89e032000 	C:\Windows\WinSxS\amd64_microsoft.windows.common-controls_6595b64144ccf1df_6.0.22621.4541_none_2710d1c57384c085\COMCTL32.dll
0x00007ff8aafd0000 - 0x00007ff8aaff9000 	C:\Windows\System32\GDI32.dll
0x00007ff8aba20000 - 0x00007ff8abac7000 	C:\Windows\System32\msvcrt.dll
0x00007ff8aa480000 - 0x00007ff8aa59b000 	C:\Windows\System32\gdi32full.dll
0x00007ff8a9e30000 - 0x00007ff8a9eca000 	C:\Windows\System32\msvcp_win.dll
0x00007ff8aa7d0000 - 0x00007ff8aa801000 	C:\Windows\System32\IMM32.DLL
0x00007ff898b20000 - 0x00007ff898b2c000 	C:\Users\licjk\.jdks\corretto-21.0.5\bin\vcruntime140_1.dll
0x00007ff88ce40000 - 0x00007ff88cecd000 	C:\Users\licjk\.jdks\corretto-21.0.5\bin\msvcp140.dll
0x00007ff8427d0000 - 0x00007ff84356d000 	C:\Users\licjk\.jdks\corretto-21.0.5\bin\server\jvm.dll
0x00007ff8abad0000 - 0x00007ff8abb82000 	C:\Windows\System32\ADVAPI32.dll
0x00007ff8ac130000 - 0x00007ff8ac1d7000 	C:\Windows\System32\sechost.dll
0x00007ff8a9ed0000 - 0x00007ff8a9ef8000 	C:\Windows\System32\bcrypt.dll
0x00007ff8ab060000 - 0x00007ff8ab174000 	C:\Windows\System32\RPCRT4.dll
0x00007ff8abb90000 - 0x00007ff8abc01000 	C:\Windows\System32\WS2_32.dll
0x00007ff8a8a00000 - 0x00007ff8a8a4d000 	C:\Windows\SYSTEM32\POWRPROF.dll
0x00007ff8a0570000 - 0x00007ff8a05a4000 	C:\Windows\SYSTEM32\WINMM.dll
0x00007ff8a2f00000 - 0x00007ff8a2f0a000 	C:\Windows\SYSTEM32\VERSION.dll
0x00007ff8a89e0000 - 0x00007ff8a89f3000 	C:\Windows\SYSTEM32\UMPDC.dll
0x00007ff8a8ca0000 - 0x00007ff8a8cb8000 	C:\Windows\SYSTEM32\kernel.appcore.dll
0x00007ff8989b0000 - 0x00007ff8989ba000 	C:\Users\licjk\.jdks\corretto-21.0.5\bin\jimage.dll
0x00007ff8a18c0000 - 0x00007ff8a1af2000 	C:\Windows\SYSTEM32\DBGHELP.DLL
0x00007ff8aaa50000 - 0x00007ff8aade1000 	C:\Windows\System32\combase.dll
0x00007ff8ac050000 - 0x00007ff8ac127000 	C:\Windows\System32\OLEAUT32.dll
0x00007ff88aac0000 - 0x00007ff88aaf2000 	C:\Windows\SYSTEM32\dbgcore.DLL
0x00007ff8aa400000 - 0x00007ff8aa47b000 	C:\Windows\System32\bcryptPrimitives.dll
0x00007ff8989a0000 - 0x00007ff8989ae000 	C:\Users\licjk\.jdks\corretto-21.0.5\bin\instrument.dll
0x00007ff898980000 - 0x00007ff89899f000 	C:\Users\licjk\.jdks\corretto-21.0.5\bin\java.dll
0x00007ff8ab1a0000 - 0x00007ff8aba19000 	C:\Windows\System32\SHELL32.dll
0x00007ff8a7ac0000 - 0x00007ff8a83c9000 	C:\Windows\SYSTEM32\windows.storage.dll
0x00007ff8a7980000 - 0x00007ff8a7abf000 	C:\Windows\SYSTEM32\wintypes.dll
0x00007ff8ac1e0000 - 0x00007ff8ac2da000 	C:\Windows\System32\SHCORE.dll
0x00007ff8ac2f0000 - 0x00007ff8ac34e000 	C:\Windows\System32\shlwapi.dll
0x00007ff8a9aa0000 - 0x00007ff8a9acb000 	C:\Windows\SYSTEM32\profapi.dll
0x00007ff891780000 - 0x00007ff891798000 	C:\Users\licjk\.jdks\corretto-21.0.5\bin\zip.dll
0x00007ff898970000 - 0x00007ff898980000 	C:\Users\licjk\.jdks\corretto-21.0.5\bin\net.dll
0x00007ff8a5390000 - 0x00007ff8a54c6000 	C:\Windows\SYSTEM32\WINHTTP.dll
0x00007ff8a9120000 - 0x00007ff8a9189000 	C:\Windows\system32\mswsock.dll
0x00007ff890080000 - 0x00007ff890096000 	C:\Users\licjk\.jdks\corretto-21.0.5\bin\nio.dll
0x00007ff88d8a0000 - 0x00007ff88d8ba000 	C:\Program Files\JetBrains\IntelliJ IDEA 2024.3\bin\breakgen64.dll
0x00007ff891840000 - 0x00007ff891849000 	C:\Users\licjk\.jdks\corretto-21.0.5\bin\extnet.dll
0x00007ff8a8710000 - 0x00007ff8a8812000 	C:\Windows\SYSTEM32\DNSAPI.dll
0x00007ff8a86a0000 - 0x00007ff8a86cd000 	C:\Windows\SYSTEM32\IPHLPAPI.DLL
0x00007ff8aadf0000 - 0x00007ff8aadf9000 	C:\Windows\System32\NSI.dll
0x00007ff89ce90000 - 0x00007ff89ce9a000 	C:\Windows\System32\rasadhlp.dll
0x00007ff8a3b40000 - 0x00007ff8a3bc3000 	C:\Windows\System32\fwpuclnt.dll
0x00007ff88d890000 - 0x00007ff88d899000 	C:\Users\licjk\.jdks\corretto-21.0.5\bin\management.dll
0x00007ff88d840000 - 0x00007ff88d84b000 	C:\Users\licjk\.jdks\corretto-21.0.5\bin\management_ext.dll
0x00007ff8ac2e0000 - 0x00007ff8ac2e8000 	C:\Windows\System32\PSAPI.DLL
0x00007ff8a9370000 - 0x00007ff8a938b000 	C:\Windows\SYSTEM32\CRYPTSP.dll
0x00007ff8a8c00000 - 0x00007ff8a8c35000 	C:\Windows\system32\rsaenh.dll
0x00007ff8a9210000 - 0x00007ff8a9238000 	C:\Windows\SYSTEM32\USERENV.dll
0x00007ff8a9390000 - 0x00007ff8a939c000 	C:\Windows\SYSTEM32\CRYPTBASE.dll
0x00007ff87f960000 - 0x00007ff87f977000 	C:\Windows\system32\napinsp.dll
0x00007ff87f940000 - 0x00007ff87f95b000 	C:\Windows\system32\pnrpnsp.dll
0x00007ff87f920000 - 0x00007ff87f931000 	C:\Windows\System32\winrnr.dll
0x00007ff8a54d0000 - 0x00007ff8a54e5000 	C:\Windows\system32\wshbth.dll
0x00007ff87f8f0000 - 0x00007ff87f917000 	C:\Windows\system32\nlansp_c.dll
0x00007ff896de0000 - 0x00007ff896e30000 	C:\Windows\SYSTEM32\pdh.dll
0x00007ff887030000 - 0x00007ff887041000 	C:\Windows\System32\perfproc.dll
0x00007ff886fe0000 - 0x00007ff886ff0000 	C:\Windows\System32\perfos.dll
0x00007ff8a7300000 - 0x00007ff8a7310000 	C:\Windows\SYSTEM32\pfclient.dll
0x00007ff88ce30000 - 0x00007ff88ce3e000 	C:\Users\licjk\.jdks\corretto-21.0.5\bin\sunmscapi.dll
0x00007ff8a9b70000 - 0x00007ff8a9cd6000 	C:\Windows\System32\CRYPT32.dll
0x00007ff8a9510000 - 0x00007ff8a953d000 	C:\Windows\SYSTEM32\ncrypt.dll
0x00007ff8a94d0000 - 0x00007ff8a9507000 	C:\Windows\SYSTEM32\NTASN1.dll

dbghelp: loaded successfully - version: 4.0.5 - missing functions: none
symbol engine: initialized successfully - sym options: 0x614 - pdb path: .;C:\Users\licjk\.jdks\corretto-21.0.5\bin;C:\Windows\SYSTEM32;C:\Windows\WinSxS\amd64_microsoft.windows.common-controls_6595b64144ccf1df_6.0.22621.4541_none_2710d1c57384c085;C:\Users\licjk\.jdks\corretto-21.0.5\bin\server;C:\Program Files\JetBrains\IntelliJ IDEA 2024.3\bin

VM Arguments:
jvm_args: -DDATASOURCE_URL=jdbc:mariadb://222.122.202.35:3306/chosun -DDATASOURCE_USERNAME=chosun -DDATASOURCE_PASSWORD=chosun1234 -XX:TieredStopAtLevel=1 -Dspring.output.ansi.enabled=always -Dcom.sun.management.jmxremote -Dspring.jmx.enabled=true -Dspring.liveBeansView.mbeanDomain -Dspring.application.admin.enabled=true -Dmanagement.endpoints.jmx.exposure.include=* -javaagent:C:\Program Files\JetBrains\IntelliJ IDEA 2024.3\lib\idea_rt.jar=62548:C:\Program Files\JetBrains\IntelliJ IDEA 2024.3\bin -Dfile.encoding=UTF-8 -Dsun.stdout.encoding=UTF-8 -Dsun.stderr.encoding=UTF-8 
java_command: com.example.chosunnext.ChosunNextApplication
java_class_path (initial): C:\kjh\ws_Inte\chosunNEXT\build\classes\java\main;C:\kjh\ws_Inte\chosunNEXT\build\resources\main;C:\Users\licjk\.gradle\caches\modules-2\files-2.1\org.projectlombok\lombok\1.18.36\5a30490a6e14977d97d9c73c924c1f1b5311ea95\lombok-1.18.36.jar;C:\Users\licjk\.gradle\caches\modules-2\files-2.1\org.springframework.boot\spring-boot-starter-security\3.4.1\6a82a9f484d265c73a203d551b614cd8bdde5825\spring-boot-starter-security-3.4.1.jar;C:\Users\licjk\.gradle\caches\modules-2\files-2.1\org.springframework.boot\spring-boot-starter-thymeleaf\3.4.1\a2903c33815dbc9c65c97f83e32dcea2d9935429\spring-boot-starter-thymeleaf-3.4.1.jar;C:\Users\licjk\.gradle\caches\modules-2\files-2.1\org.springframework.boot\spring-boot-starter-web\3.4.1\ff7227fc62338e0f6eba3f9f94c12eb952d4da95\spring-boot-starter-web-3.4.1.jar;C:\Users\licjk\.gradle\caches\modules-2\files-2.1\org.mybatis.spring.boot\mybatis-spring-boot-starter\3.0.4\2a56c4aa1f81aaef9abb0105f72702a737517d9a\mybatis-spring-boot-starter-3.0.4.jar;C:\Users\licjk\.gradle\caches\modules-2\files-2.1\ch.qos.logback\logback-classic\1.4.11\54450c0c783e896a1a6d88c043bd2f1daba1c382\logback-classic-1.4.11.jar;C:\Users\licjk\.gradle\caches\modules-2\files-2.1\org.thymeleaf.extras\thymeleaf-extras-springsecurity6\3.1.3.RELEASE\f2a9e9505b145d22a52047460c74fb8200f2cb23\thymeleaf-extras-springsecurity6-3.1.3.RELEASE.jar;C:\Users\licjk\.gradle\caches\modules-2\files-2.1\org.slf4j\slf4j-api\2.0.9\7cf2726fdcfbc8610f9a71fb3ed639871f315340\slf4j-api-2.0.9.jar;C:\Users\licjk\.gradle\caches\modules-2\files-2.1\io.jsonwebtoken\jjwt-impl\0.12.3\e850d2b3f53bd82355cd9ee1c471054aa602b320\jjwt-impl-0.12.3.jar;C:\Users\licjk\.gradle\caches\modules-2\files-2.1\io.jsonwebtoken\jjwt-jackson\0.12.3\5e6d0e45441547d892d3273a4ce5dd042e91d162\jjwt-jackson-0.12.3.jar;C:\Users\licjk\.gradle\caches\modules-2\files-2.1\io.jsonwebtoken\jjwt-api\0.12.3\30b7de9176d17fa347eef14b85480825dab76b58\jjwt-api-0.12.3.jar;C:\Users\licjk\.gradle\caches\modules-2\files-2.1\org.springframework.boot\spring-boot-starter\3.4.1\2c97b6fdc451ea69cd04dcfa54980439b7c7cb34\spring-boot-starter-3.4.1.jar;C:\Users\licjk\.gradle\caches\modules-2\files-2.1\org.springframework.security\spring-security-config\6.4.2\5ed985329eb14b1c61045160c8dcbbcab179ddd3\spring-security-config-6.4.2.jar;C:\Users\licjk\.gradle\caches\modules-2\files-2.1\org.springframework.security\spring-security-web\6.4.2\733a3bbbdca56225676fb7f4e3f317c2075fc383\spring-security-web-6.4.2.jar;C:\Users\licjk\.gradle\caches\modules-2\files-2.1\org.springframework\spring-aop\6.2.1\a9384de38fc00751084446ba014a0c4962240244\spring-aop-6.2.1.jar;C:\Users\licjk\.gradle\caches\modules-2\files-2.1\org.thymeleaf\thymeleaf-spring6\3.1.3.RELEASE\4b276ea2bd536a18e44b40ff1d9f4848965ff59c\thymeleaf-spring6-3.1.3.RELEASE.jar;C:\Users\licjk\.gradle\caches\modules-2\files-2.1\org.springframework.boot\spring-boot-starter-json\3.4.1\c1d084f65d8d9f2de9daccab47c4f452fb0464de\spring-boot-starter-json-3.4.1.jar;C:\Users\licjk\.gradle\caches\modules-2\files-2.1\org.springframework\spring-webmvc\6.2.1\44bdf7e5641d44044ac52d7bb5c1fc46004e7754\spring-webmvc-6.2.1.jar;C:\Users\licjk\.gradle\caches\modules-2\files-2.1\org.springframework.boot\spring-boot-starter-tomcat\3.4.1\ac4bb51582c57cfb0d2beb102a76fe1a4d8b8b21\spring-boot-starter-tomcat-3.4.1.jar;C:\Users\licjk\.gradle\caches\modules-2\files-2.1\org.springframework\spring-web\6.2.1\877acb94c5b3a0c92e652b6bebdfdc7c60922ac8\spring-web-6.2.1.jar;C:\Users\licjk\.gradle\caches\modules-2\files-2.1\org.springframework.boot\spring-boot-starter-jdbc\3.4.1\307db83ee5f33fe810565cf980f73747b8f8f43b\spring-boot-starter-jdbc-3.4.1.jar;C:\Users\licjk\.gradle\caches\modules-2\files-2.1\org.mybatis.spring.boot\mybatis-spring-boot-autoconfigure\3.0.4\27c887cbd92c780e7d8baaf30d9dc5b5d5f0c03\mybatis-spring-boot-autoconfigure-3.0.4.jar;C:\Users\licjk\.gradle\caches\modules-2\files-2.1\org.mybatis\mybatis\3.5.17\b210805d7d67ab8c564efebbeae5ed648c5bc925\mybatis-3.5.17.jar;C:\Users\licjk\.gradle\caches\modules-2\files-2.1\org.mybatis\mybatis-spring\3.0.4\8a1250161c6b5c15103c1f51d6a1ad8307af4418\mybatis-spring-3.0.4.jar;C:\Users\licjk\.gradle\caches\modules-2\files-2.1\ch.qos.logback\logback-core\1.5.12\65b1fa25fe8d8e4bdc140e79eb67ac6741f775e2\logback-core-1.5.12.jar;C:\Users\licjk\.gradle\caches\modules-2\files-2.1\com.fasterxml.jackson.core\jackson-databind\2.18.2\deef8697b92141fb6caf7aa86966cff4eec9b04f\jackson-databind-2.18.2.jar;C:\Users\licjk\.gradle\caches\modules-2\files-2.1\org.springframework.boot\spring-boot-starter-logging\3.4.1\5cd01e208b15113c7f88b3ea40e843ea9989f38a\spring-boot-starter-logging-3.4.1.jar;C:\Users\licjk\.gradle\caches\modules-2\files-2.1\org.springframework.boot\spring-boot-autoconfigure\3.4.1\f17b54cc5816ec8f06d0aca9df11c330ead97f2a\spring-boot-autoconfigure-3.4.1.jar;C:\Users\licjk\.gradle\caches\modules-2\files-2.1\org.springframework.boot\spring-boot\3.4.1\5fb9890a5eb7c4e86c8f5c0f6960b79240daf3d5\spring-boot-3.4.1.jar;C:\Users\licjk\.gradle\caches\modules-2\files-2.1\jakarta.annotation\jakarta.annotation-api\2.1.1\48b9bda22b091b1f48b13af03fe36db3be6e1ae3\jakarta.annotation-api-2.1.1.jar;C:\Users\licjk\.gradle\caches\modules-2\files-2.1\org.springframework\spring-core\6.2.1\f42e6b51d9c0c2fcf95df9e5848470d173adc9af\spring-core-6.2.1.jar;C:\Users\licjk\.gradle\caches\modules-2\files-2.1\org.yaml\snakeyaml\2.3\936b36210e27320f920536f695cf1af210c44586\snakeyaml-2.3.jar;C:\Users\licjk\.gradle\caches\modules-2\files-2.1\org.springframework.security\spring-security-core\6.4.2\51302b2af3f01eb79fdc7164a4cc3a3aa7e3b541\spring-security-core-6.4.2.jar;C:\Users\licjk\.gradle\caches\modules-2\files-2.1\org.springframework\spring-context\6.2.1\f56c7431b03860bfdb016e68f484c5c35531ef2e\spring-context-6.2.1.jar;C:\Users\licjk\.gradle\caches\modules-2\files-2.1\org.springframework\spring-beans\6.2.1\ab57ec03ba6900075bf28e3cd70ccce173205b8d\spring-beans-6.2.1.jar;C:\Users\licjk\.gradle\caches\modules-2\files-2.1\org.springframework\spring-expression\6.2.1\91fcf6b9501705c31c8337e2713fe823bb512b24\spring-expression-6.2.1.jar;C:\Users\licjk\.gradle\caches\modules-2\files-2.1\org.thymeleaf\thymeleaf\3.1.3.RELEASE\51474f2a90b282ee97dabcd159c7faf24790f373\thymeleaf-3.1.3.RELEASE.jar;C:\Users\licjk\.gradle\caches\modules-2\files-2.1\com.fasterxml.jackson.datatype\jackson-datatype-jsr310\2.18.2\7b6ff96adf421f4c6edbd694e797dd8fe434510a\jackson-datatype-jsr310-2.18.2.jar;C:\Users\licjk\.gradle\caches\modules-2\files-2.1\com.fasterxml.jackson.datatype\jackson-datatype-jdk8\2.18.2\9ed6d538ebcc66864e114a7040953dce6ab6ea53\jackson-datatype-jdk8-2.18.2.jar;C:\Users\licjk\.gradle\caches\modules-2\files-2.1\com.fasterxml.jackson.module\jackson-module-parameter-names\2.18.2\72960cb3277347a748911d100c3302d60e8a616a\jackson-module-parameter-names-2.18.2.jar;C:\Users\licjk\.gradle\caches\modules-2\files-2.1\org.apache.tomcat.embed\tomcat-embed-websocket\10.1.34\eef6d430f34b6e393b8d9e40f10db9043732b4e5\tomcat-embed-websocket-10.1.34.jar;C:\Users\licjk\.gradle\caches\modules-2\files-2.1\org.apache.tomcat.embed\tomcat-embed-core\10.1.34\f610f84be607fbc82e393cc220f0ad45f92afc91\tomcat-embed-core-10.1.34.jar;C:\Users\licjk\.gradle\caches\modules-2\files-2.1\org.apache.tomcat.embed\tomcat-embed-el\10.1.34\d2b2daca3bc999c62e58ae36b45ba0582530fb25\tomcat-embed-el-10.1.34.jar;C:\Users\licjk\.gradle\caches\modules-2\files-2.1\io.micrometer\micrometer-observation\1.14.2\a9cad29cc04c0f7e30e3e58b454d4cd47ccc54bd\micrometer-observation-1.14.2.jar;C:\Users\licjk\.gradle\caches\modules-2\files-2.1\com.zaxxer\HikariCP\5.1.0\8c96e36c14461fc436bb02b264b96ef3ca5dca8c\HikariCP-5.1.0.jar;C:\Users\licjk\.gradle\caches\modules-2\files-2.1\org.springframework\spring-jdbc\6.2.1\def8d3d9bebafc36c19f8407645eddde32454c8a\spring-jdbc-6.2.1.jar;C:\Users\licjk\.gradle\caches\modules-2\files-2.1\com.fasterxml.jackson.core\jackson-annotations\2.18.2\985d77751ebc7fce5db115a986bc9aa82f973f4a\jackson-annotations-2.18.2.jar;C:\Users\licjk\.gradle\caches\modules-2\files-2.1\com.fasterxml.jackson.core\jackson-core\2.18.2\fb64ccac5c27dca8819418eb4e443a9f496d9ee7\jackson-core-2.18.2.jar;C:\Users\licjk\.gradle\caches\modules-2\files-2.1\org.apache.logging.log4j\log4j-to-slf4j\2.24.3\da1143e2a2531ee1c2d90baa98eb50a28a39d5a7\log4j-to-slf4j-2.24.3.jar;C:\Users\licjk\.gradle\caches\modules-2\files-2.1\org.slf4j\jul-to-slf4j\2.0.16\6d57da3e961daac65bcca0dd3def6cd11e48a24a\jul-to-slf4j-2.0.16.jar;C:\Users\licjk\.gradle\caches\modules-2\files-2.1\org.springframework\spring-jcl\6.2.1\a5d662d64470aff0ae51d210147bb6ede31a8ea3\spring-jcl-6.2.1.jar;C:\Users\licjk\.gradle\caches\modules-2\files-2.1\org.springframework.security\spring-security-crypto\6.4.2\a4d5bf27ca449200fc39e07de6ae016eb1ad21da\spring-security-crypto-6.4.2.jar;C:\Users\licjk\.gradle\caches\modules-2\files-2.1\org.attoparser\attoparser\2.0.7.RELEASE\e5d0e988d9124139d645bb5872b24dfa23e283cc\attoparser-2.0.7.RELEASE.jar;C:\Users\licjk\.gradle\caches\modules-2\files-2.1\org.unbescape\unbescape\1.1.6.RELEASE\7b90360afb2b860e09e8347112800d12c12b2a13\unbescape-1.1.6.RELEASE.jar;C:\Users\licjk\.gradle\caches\modules-2\files-2.1\io.micrometer\micrometer-commons\1.14.2\69c454dbec59c7842cf59a534b7ec03618d75b91\micrometer-commons-1.14.2.jar;C:\Users\licjk\.gradle\caches\modules-2\files-2.1\org.springframework\spring-tx\6.2.1\5ffde4fee85ff021ad613b9e86a9be893fb52572\spring-tx-6.2.1.jar;C:\Users\licjk\.gradle\caches\modules-2\files-2.1\org.apache.logging.log4j\log4j-api\2.24.3\b02c125db8b6d295adf72ae6e71af5d83bce2370\log4j-api-2.24.3.jar;C:\Users\licjk\.gradle\caches\modules-2\files-2.1\org.springframework.boot\spring-boot-devtools\3.4.1\3bdbab471c56ce1fece521e9db67102d018006c4\spring-boot-devtools-3.4.1.jar;C:\Users\licjk\.gradle\caches\modules-2\files-2.1\org.mariadb.jdbc\mariadb-java-client\3.4.1\7599bff3a38ae943d8e055848b3fe943772b12c9\mariadb-java-client-3.4.1.jar;C:\Users\licjk\.gradle\caches\modules-2\files-2.1\com.github.waffle\waffle-jna\3.3.0\6c1a06b345702bb1dfd77006af926b091bded851\waffle-jna-3.3.0.jar;C:\Users\licjk\.gradle\caches\modules-2\files-2.1\org.slf4j\jcl-over-slf4j\2.0.16\9d08badad22f1ac07deac9188ade596472a2bfd9\jcl-over-slf4j-2.0.16.jar;C:\Users\licjk\.gradle\caches\modules-2\files-2.1\net.java.dev.jna\jna-platform\5.13.0\88e9a306715e9379f3122415ef4ae759a352640d\jna-platform-5.13.0.jar;C:\Users\licjk\.gradle\caches\modules-2\files-2.1\net.java.dev.jna\jna\5.13.0\1200e7ebeedbe0d10062093f32925a912020e747\jna-5.13.0.jar;C:\Users\licjk\.gradle\caches\modules-2\files-2.1\com.github.ben-manes.caffeine\caffeine\3.1.8\24795585df8afaf70a2cd534786904ea5889c047\caffeine-3.1.8.jar;C:\Users\licjk\.gradle\caches\modules-2\files-2.1\org.checkerframework\checker-qual\3.37.0\ba74746d38026581c12166e164bb3c15e90cc4ea\checker-qual-3.37.0.jar;C:\Users\licjk\.gradle\caches\modules-2\files-2.1\com.google.errorprone\error_prone_annotations\2.21.1\6d9b10773b5237df178a7b3c1b4208df7d0e7f94\error_prone_annotations-2.21.1.jar
Launcher Type: SUN_STANDARD

[Global flags]
     intx CICompilerCount                          = 4                                         {product} {ergonomic}
     uint ConcGCThreads                            = 3                                         {product} {ergonomic}
     uint G1ConcRefinementThreads                  = 10                                        {product} {ergonomic}
   size_t G1HeapRegionSize                         = 4194304                                   {product} {ergonomic}
    uintx GCDrainStackTargetSize                   = 64                                        {product} {ergonomic}
   size_t InitialHeapSize                          = 524288000                                 {product} {ergonomic}
     bool ManagementServer                         = true                                      {product} {command line}
   size_t MarkStackSize                            = 4194304                                   {product} {ergonomic}
   size_t MaxHeapSize                              = 8355053568                                {product} {ergonomic}
   size_t MaxNewSize                               = 5012193280                                {product} {ergonomic}
   size_t MinHeapDeltaBytes                        = 4194304                                   {product} {ergonomic}
   size_t MinHeapSize                              = 8388608                                   {product} {ergonomic}
    uintx NonNMethodCodeHeapSize                   = 4096                                   {pd product} {ergonomic}
    uintx NonProfiledCodeHeapSize                  = 0                                      {pd product} {ergonomic}
     bool ProfileInterpreter                       = false                                  {pd product} {command line}
    uintx ProfiledCodeHeapSize                     = 0                                      {pd product} {ergonomic}
   size_t SoftMaxHeapSize                          = 8355053568                             {manageable} {ergonomic}
     intx TieredStopAtLevel                        = 1                                         {product} {command line}
     bool UseCompressedOops                        = true                           {product lp64_product} {ergonomic}
     bool UseG1GC                                  = true                                      {product} {ergonomic}
     bool UseLargePagesIndividualAllocation        = false                                  {pd product} {ergonomic}

Logging:
Log output configuration:
 #0: stdout all=warning uptime,level,tags foldmultilines=false
 #1: stderr all=off uptime,level,tags foldmultilines=false

Environment Variables:
JAVA_HOME=C:\kjh\utility\jdk-22_windows-x64_bin\jdk-22.0.2
PATH=C:\Windows\system32;C:\Windows;C:\Windows\System32\Wbem;C:\Windows\System32\WindowsPowerShell\v1.0\;C:\Windows\System32\OpenSSH\;C:\Program Files\NVIDIA Corporation\NVIDIA NvDLISR;C:\Program Files (x86)\NVIDIA Corporation\PhysX\Common;C:\kjh\utility\jdk-22_windows-x64_bin\jdk-22.0.2\bin;C:\Program Files\Git\cmd;C:\Users\licjk\AppData\Local\Microsoft\WindowsApps;
USERNAME=licjkjh
OS=Windows_NT
PROCESSOR_IDENTIFIER=AMD64 Family 25 Model 97 Stepping 2, AuthenticAMD
TMP=C:\Users\licjk\AppData\Local\Temp
TEMP=C:\Users\licjk\AppData\Local\Temp




Periodic native trim disabled

---------------  S Y S T E M  ---------------

OS:
 Windows 11 , 64 bit Build 22621 (10.0.22621.4391)
OS uptime: 0 days 5:02 hours

CPU: total 12 (initial active 12) (12 cores per cpu, 2 threads per core) family 25 model 97 stepping 2 microcode 0x0, cx8, cmov, fxsr, ht, mmx, 3dnowpref, sse, sse2, sse3, ssse3, sse4a, sse4.1, sse4.2, popcnt, lzcnt, tsc, tscinvbit, avx, avx2, aes, erms, clmul, bmi1, bmi2, adx, avx512f, avx512dq, avx512cd, avx512bw, avx512vl, sha, fma, vzeroupper, avx512_vpopcntdq, avx512_vpclmulqdq, avx512_vaes, avx512_vnni, clflush, clflushopt, avx512_vbmi2, avx512_vbmi, rdtscp, rdpid, fsrm, gfni, avx512_bitalg, f16c, pku, cet_ss, avx512_ifma
Processor Information for all 12 processors :
  Max Mhz: 3801, Current Mhz: 3801, Mhz Limit: 3801

Memory: 4k page, system-wide physical 31863M (19038M free)
TotalPageFile size 33911M (AvailPageFile size 17986M)
current process WorkingSet (physical memory assigned to process): 135M, peak: 135M
current process commit charge ("private bytes"): 636M, peak: 636M

vm_info: OpenJDK 64-Bit Server VM (21.0.5+11-LTS) for windows-amd64 JRE (21.0.5+11-LTS), built on 2024-10-11T20:58:34Z by "Administrator" with MS VC++ 16.10 / 16.11 (VS2019)

END.
